<?xml version="1.0" encoding="UTF-8"?>
<!-- Generated by org.testng.reporters.JUnitXMLReporter -->
<testsuite ignored="0" hostname="NishMage" failures="0" tests="3" name="Test" time="30.584" errors="0" timestamp="2025-08-16T11:18:45 IST">
  <testcase classname="Amazon.Wishlist" name="search_products" time="5.734"/>
  <testcase classname="Amazon.Wishlist" name="filter_select_products" time="8.592"/>
  <testcase classname="Amazon.Wishlist" name="add_to_wishlist" time="4.744"/>
</testsuite> <!-- Test -->
